c:\users\user\desktop\solution\impulsev3\x64\debug\vc142.pdb
c:\users\user\desktop\solution\impulsev3\x64\debug\vc142.idb
c:\users\user\desktop\solution\impulsev3\x64\debug\game_01.obj
c:\users\user\desktop\solution\impulsev3\x64\debug\d_takahashi.obj
c:\users\user\desktop\solution\impulsev3\x64\debug\d_tagami.obj
c:\users\user\desktop\solution\impulsev3\x64\debug\d_saiga.obj
c:\users\user\desktop\solution\impulsev3\x64\debug\d_isozaki.obj
c:\users\user\desktop\solution\impulsev3\x64\debug\d_honnda.obj
c:\users\user\desktop\solution\impulsev3\x64\debug\c_cho.obj
c:\users\user\desktop\solution\impulsev3\x64\debug\b_takahashi.obj
c:\users\user\desktop\solution\impulsev3\x64\debug\b_so.obj
c:\users\user\desktop\solution\impulsev3\x64\debug\b_sasamoto.obj
c:\users\user\desktop\solution\impulsev3\x64\debug\b_nakamura.obj
c:\users\user\desktop\solution\impulsev3\x64\debug\b_horiguchi.obj
c:\users\user\desktop\solution\impulsev3\x64\debug\a_nagashima.obj
c:\users\user\desktop\solution\impulsev3\x64\debug\a_kai_2.obj
c:\users\user\desktop\solution\impulsev3\x64\debug\a_kai_1.obj
c:\users\user\desktop\solution\impulsev3\x64\debug\a_ito.obj
c:\users\user\desktop\solution\impulsev3\x64\debug\a_hiraoka.obj
c:\users\user\desktop\solution\impulsev3\x64\debug\a_henmi.obj
c:\users\user\desktop\solution\impulsev3\x64\debug\a_fukatsu.obj
c:\users\user\desktop\solution\impulsev3\x64\debug\a_abe.obj
c:\users\user\desktop\solution\impulsev3\x64\debug\game_02.obj
c:\users\user\desktop\solution\x64\debug\impulsev3.exe
c:\users\user\desktop\solution\impulsev3\x64\debug\impulsev3.ilk
c:\users\user\desktop\solution\x64\debug\impulsev3.pdb
c:\users\user\desktop\solution\impulsev3\x64\debug\icon.res
c:\users\user\desktop\solution\impulsev3\x64\debug\impulsev3.tlog\cl.command.1.tlog
c:\users\user\desktop\solution\impulsev3\x64\debug\impulsev3.tlog\cl.read.1.tlog
c:\users\user\desktop\solution\impulsev3\x64\debug\impulsev3.tlog\cl.write.1.tlog
c:\users\user\desktop\solution\impulsev3\x64\debug\impulsev3.tlog\link.command.1.tlog
c:\users\user\desktop\solution\impulsev3\x64\debug\impulsev3.tlog\link.read.1.tlog
c:\users\user\desktop\solution\impulsev3\x64\debug\impulsev3.tlog\link.write.1.tlog
c:\users\user\desktop\solution\impulsev3\x64\debug\impulsev3.tlog\rc.command.1.tlog
c:\users\user\desktop\solution\impulsev3\x64\debug\impulsev3.tlog\rc.read.1.tlog
c:\users\user\desktop\solution\impulsev3\x64\debug\impulsev3.tlog\rc.write.1.tlog
