  A_Abe.cpp
  A_Fukatsu.cpp
  A_Henmi.cpp
  A_Hiraoka.cpp
  A_Ito.cpp
  A_Kai_1.cpp
  A_Kai_2.cpp
  A_Nagashima.cpp
  B_Horiguchi.cpp
  B_Nakamura.cpp
  B_Sasamoto.cpp
  B_So.cpp
  B_Takahashi.cpp
  C_Cho.cpp
  D_Honnda.cpp
  D_Isozaki.cpp
  D_Saiga.cpp
  D_Tagami.cpp
  D_Takahashi.cpp
  GAME_01.cpp
  コンパイル中...
  GAME_02.cpp
  コード生成しています。
  735 of 3176 functions (23.1%) were compiled, the rest were copied from previous compilation.
    0 functions were new in current compilation
    3 functions had inline decision re-evaluated but remain unchanged
  コード生成が終了しました。
  ImpulseV3.vcxproj -> C:\Users\User\Desktop\Solution\x64\Release\ImpulseV3.exe
